<?xml version="1.0" encoding="UTF-8"?>
<testsuite xmlns:xsi="http://www.w3.org/2001/XMLSchema-instance" xsi:noNamespaceSchemaLocation="https://maven.apache.org/surefire/maven-surefire-plugin/xsd/surefire-test-report-3.0.xsd" version="3.0" name="com.example.CloudNativeApplicationTests" time="2.987" tests="1" errors="0" skipped="0" failures="0">
  <properties>
[...]
</properties>
  <testcase name="contextLoads" classname="com.example.CloudNativeApplicationTests" time="0.931">
    <system-out><![CDATA[14:11:13.524 [main] INFO org.springframework.test.context.support.AnnotationConfigContextLoaderUtils -- Could not detect default configuration classes for test class [com.example.CloudNativeApplicationTests]: CloudNativeApplicationTests does not declare any static, non-private, non-final, nested classes annotated with @Configuration.
14:11:13.661 [main] INFO org.springframework.boot.test.context.SpringBootTestContextBootstrapper -- Found @SpringBootConfiguration com.example.CloudNativeApplication for test class com.example.CloudNativeApplicationTests

  .   ____          _            __ _ _
 /\\ / ___'_ __ _ _(_)_ __  __ _ \ \ \ \
( ( )\___ | '_ | '_| | '_ \/ _` | \ \ \ \
 \\/  ___)| |_)| | | | | || (_| |  ) ) ) )
  '  |____| .__|_| |_|_| |_\__, | / / / /
 =========|_|==============|___/=/_/_/_/
 :: Spring Boot ::                (v3.1.2)

2023-08-03T14:11:14.103+08:00  INFO 25191 --- [           main] c.example.CloudNativeApplicationTests    : Starting CloudNativeApplicationTests using Java 18 with PID 25191 (started by wangjunjia in /Users/wangjunjia/CloudNaive/CloudNative/CloudNative)
2023-08-03T14:11:14.105+08:00  INFO 25191 --- [           main] c.example.CloudNativeApplicationTests    : No active profile set, falling back to 1 default profile: "default"
2023-08-03T14:11:15.328+08:00  INFO 25191 --- [           main] c.example.CloudNativeApplicationTests    : Started CloudNativeApplicationTests in 1.473 seconds (process running for 2.609)
]]></system-out>
  </testcase>
</testsuite>